<?xml version="1.0" encoding="UTF-8"?>
<testsuite name="testValidationPhase14" tests="85" failures="0" skipped="0">
  <testcase name="testValidationPhase14/testValidationPointStatusEnum" time="0.497669600"></testcase>
  <testcase name="testValidationPhase14/testValidationStopReasonEnum" time="0.058886500"></testcase>
  <testcase name="testValidationPhase14/testValidationLegacyTokenMigration" time="1.984300800"></testcase>
  <testcase name="testValidationPhase14/testOperatingPointKeyCanonicalization" time="0.559795900"></testcase>
  <testcase name="testValidationPhase14/testOperatingPointKeyMissingField" time="0.273223900"></testcase>
  <testcase name="testValidationPhase14/testOperatingPointKeyDuplicate" time="0.476813300"></testcase>
  <testcase name="testValidationPhase14/testCanonicalSchemaHappyPath" time="1.066021700"></testcase>
  <testcase name="testValidationPhase14/testCanonicalSchemaMissingColumn" time="0.279261900"></testcase>
  <testcase name="testValidationPhase14/testCanonicalSchemaWrongType" time="0.140591200"></testcase>
  <testcase name="testValidationPhase14/testCanonicalSchemaNaNThreshold" time="0.127865000"></testcase>
  <testcase name="testValidationPhase14/testCanonicalSchemaInfThreshold" time="0.121389800"></testcase>
  <testcase name="testValidationPhase14/testCanonicalSchemaEmptyMandatoryTable" time="0.077333700"></testcase>
  <testcase name="testValidationPhase14/testWilsonInterval90" time="0.988970100"></testcase>
  <testcase name="testValidationPhase14/testWilsonInterval95" time="0.816171000"></testcase>
  <testcase name="testValidationPhase14/testWilsonInterval99" time="0.886509600"></testcase>
  <testcase name="testValidationPhase14/testClopperPearsonTwoSided" time="1.085827200"></testcase>
  <testcase name="testValidationPhase14/testClopperPearsonOneSidedUpper" time="0.810972500"></testcase>
  <testcase name="testValidationPhase14/testZeroErrorUpperBound" time="0.115741800"></testcase>
  <testcase name="testValidationPhase14/testSequentialMinimumTrials" time="0.223605900"></testcase>
  <testcase name="testValidationPhase14/testSequentialMinimumErrorsAndCI" time="0.182797200"></testcase>
  <testcase name="testValidationPhase14/testSequentialZeroErrorCensored" time="0.169892400"></testcase>
  <testcase name="testValidationPhase14/testSequentialMaxTrialsIncomplete" time="0.160457900"></testcase>
  <testcase name="testValidationPhase14/testSequentialAlphaSpending" time="0.186536900"></testcase>
  <testcase name="testValidationPhase14/testSequentialCoverageMonteCarlo" time="0.116145500"></testcase>
  <testcase name="testValidationPhase14/testHighSNRZeroErrorPlateau" time="0.018743400"></testcase>
  <testcase name="testValidationPhase14/testHighSNRDegradedCurve" time="0.006417800"></testcase>
  <testcase name="testValidationPhase14/testHighSNRUncertaintyTrend" time="0.007460700"></testcase>
  <testcase name="testValidationPhase14/testIndependentDropMinimum" time="0.146704500"></testcase>
  <testcase name="testValidationPhase14/testIndependentDropDuplicateSeed" time="0.061610800"></testcase>
  <testcase name="testValidationPhase14/testIndependentDropAggregation" time="0.051523800"></testcase>
  <testcase name="testValidationPhase14/testTaskIDDeterminism" time="2.508922600"></testcase>
  <testcase name="testValidationPhase14/testHierarchicalSeedPartition" time="0.087887800"></testcase>
  <testcase name="testValidationPhase14/testRetryIdempotence" time="0.161200100"></testcase>
  <testcase name="testValidationPhase14/testDuplicateTaskConflict" time="0.085500300"></testcase>
  <testcase name="testValidationPhase14/testMergeOrderDeterminism" time="0.051431200"></testcase>
  <testcase name="testValidationPhase14/testFloatingPointStableAggregation" time="0.054207500"></testcase>
  <testcase name="testValidationPhase14/testRunClassAWGNIsolation" time="0.068180200"></testcase>
  <testcase name="testValidationPhase14/testRunClassGeometryIsolation" time="0.044142200"></testcase>
  <testcase name="testValidationPhase14/testRunClassControlOnlyIsolation" time="0.026947800"></testcase>
  <testcase name="testValidationPhase14/testEvidenceObservedRuntime" time="0.073399600"></testcase>
  <testcase name="testValidationPhase14/testEvidenceDerivedFromObserved" time="0.068264900"></testcase>
  <testcase name="testValidationPhase14/testEvidenceConfiguredRejected" time="0.029844600"></testcase>
  <testcase name="testValidationPhase14/testEvidenceReconstructedRejected" time="0.031331600"></testcase>
  <testcase name="testValidationPhase14/testProvenanceCircularComparison" time="0.030799800"></testcase>
  <testcase name="testValidationPhase14/testProvenanceIndependentRoots" time="0.030392800"></testcase>
  <testcase name="testValidationPhase14/testMeasuredSINRMandatory" time="0.048333900"></testcase>
  <testcase name="testValidationPhase14/testMeasuredSINRFinite" time="0.029012400"></testcase>
  <testcase name="testValidationPhase14/testMeasuredSINRSampleCount" time="0.029974500"></testcase>
  <testcase name="testValidationPhase14/testOracleRegistryPureMath" time="0.196633800"></testcase>
  <testcase name="testValidationPhase14/testOracleRegistryFrozenExternal" time="0.122390800"></testcase>
  <testcase name="testValidationPhase14/testOracleRegistryAnalyticalInvariant" time="0.095108100"></testcase>
  <testcase name="testValidationPhase14/testOracleRegistryStatisticalDistribution" time="0.068264900"></testcase>
  <testcase name="testValidationPhase14/testOracleSelfConsistencyQuarantined" time="0.097377500"></testcase>
  <testcase name="testValidationPhase14/testOracleHashMismatch" time="0.059363900"></testcase>
  <testcase name="testValidationPhase14/testReferenceDatasetIndependence" time="0.087942100"></testcase>
  <testcase name="testValidationPhase14/testReferenceDatasetDeleted" time="0.077313700"></testcase>
  <testcase name="testValidationPhase14/testReferenceDatasetShifted" time="0.040917400"></testcase>
  <testcase name="testValidationPhase14/testOperatingPointExactJoin" time="0.197480400"></testcase>
  <testcase name="testValidationPhase14/testOperatingPointMissingReference" time="0.143884800"></testcase>
  <testcase name="testValidationPhase14/testOperatingPointExtraReference" time="0.141891700"></testcase>
  <testcase name="testValidationPhase14/testOperatingPointIncompatibleProfile" time="0.127808300"></testcase>
  <testcase name="testValidationPhase14/testCurveNewcombeDifference" time="0.170233900"></testcase>
  <testcase name="testValidationPhase14/testCurveNonInferiority" time="0.145562800"></testcase>
  <testcase name="testValidationPhase14/testCurveEquivalence" time="0.159205400"></testcase>
  <testcase name="testValidationPhase14/testCurveMultiplicityHolm" time="0.043437600"></testcase>
  <testcase name="testValidationPhase14/testCurveSparseOverlapRejected" time="0.189039700"></testcase>
  <testcase name="testValidationPhase14/testCalibrationCatalogExactKey" time="0.156007100"></testcase>
  <testcase name="testValidationPhase14/testCalibrationHoldoutBounds" time="0.087335600"></testcase>
  <testcase name="testValidationPhase14/testNegativeTestMatrixGeneration" time="5.720656300"></testcase>
  <testcase name="testValidationPhase14/testTimeWindowHalfOpenBoundaries" time="0.115516700"></testcase>
  <testcase name="testValidationPhase14/testKPISamplePhaseOwnership" time="0.061482700"></testcase>
  <testcase name="testValidationPhase14/testWarmupExcludedFromSteadyKPI" time="0.024065200"></testcase>
  <testcase name="testValidationPhase14/testArtifactRequirementsHeadless" time="0.087574000"></testcase>
  <testcase name="testValidationPhase14/testArtifactRequirementsBrowser" time="0.057281800"></testcase>
  <testcase name="testValidationPhase14/testArtifactDeletionFails" time="0.034073700"></testcase>
  <testcase name="testValidationPhase14/testCanonicalScenarioFreshRun" time="0.103481400"></testcase>
  <testcase name="testValidationPhase14/testArchiveCleanWorkspace" time="0.146141100"></testcase>
  <testcase name="testValidationPhase14/testArchiveStaleArtifactRejected" time="0.053071900"></testcase>
  <testcase name="testValidationPhase14/testMATLABExecutionLedger" time="0.028391800"></testcase>
  <testcase name="testValidationPhase14/testRequiredTestSkippedFails" time="0.009129400"></testcase>
  <testcase name="testValidationPhase14/testPythonCollectionWithoutMATLAB" time="1.616988400"></testcase>
  <testcase name="testValidationPhase14/testAllSourceYAMLParse" time="0.232315500"></testcase>
  <testcase name="testValidationPhase14/testYAMLDuplicateKey" time="0.227126000"></testcase>
  <testcase name="testValidationPhase14/testInternalAnchorClassification" time="0.004442300"></testcase>
  <testcase name="testValidationPhase14/testPublicationGateEndToEnd" time="0.112254800"></testcase>
</testsuite>
