<?xml version="1.0" encoding="utf-8"?><testsuites><testsuite name="pytest" errors="0" failures="0" skipped="0" tests="4" time="27.986" timestamp="2026-09-13T14:54:22.756761" hostname="AnupPandey"><testcase classname="tests.test_server_testall_launcher" name="test_terminal_exit_and_summary_must_agree[passed-0]" time="5.893" /><testcase classname="tests.test_server_testall_launcher" name="test_terminal_exit_and_summary_must_agree[missing-1]" time="7.918" /><testcase classname="tests.test_server_testall_launcher" name="test_terminal_exit_and_summary_must_agree[nonzero-1]" time="7.879" /><testcase classname="tests.test_server_testall_launcher" name="test_startup_error_still_has_shareable_logs" time="6.224" /></testsuite></testsuites>